This file contains any messages produced by compilers while
running configure, to aid debugging if configure makes a mistake.

It was created by configure, which was
generated by GNU Autoconf 2.68.  Invocation command line was

  $ ./configure --prefix=/opt/local

## --------- ##
## Platform. ##
## --------- ##

hostname = Rajsekars-MacBook-Air.local
uname -m = x86_64
uname -r = 11.4.0
uname -s = Darwin
uname -v = Darwin Kernel Version 11.4.0: Mon Apr  9 19:32:15 PDT 2012; root:xnu-1699.26.8~1/RELEASE_X86_64

/usr/bin/uname -p = i386
/bin/uname -X     = unknown

/bin/arch              = unknown
/usr/bin/arch -k       = unknown
/usr/convex/getsysinfo = unknown
/usr/bin/hostinfo      = Mach kernel version:
	 Darwin Kernel Version 11.4.0: Mon Apr  9 19:32:15 PDT 2012; root:xnu-1699.26.8~1/RELEASE_X86_64
Kernel configured for up to 4 processors.
2 processors are physically available.
4 processors are logically available.
Processor type: i486 (Intel 80486)
Processors active: 0 1 2 3
Primary memory available: 4.00 gigabytes
Default processor set: 69 tasks, 323 threads, 4 processors
Load average: 0.44, Mach factor: 3.55
/bin/machine           = unknown
/usr/bin/oslevel       = unknown
/bin/universe          = unknown

PATH: /opt/local/bin
PATH: /opt/local/sbin
PATH: /usr/bin
PATH: /bin
PATH: /usr/sbin
PATH: /sbin
PATH: /usr/local/bin
PATH: /usr/X11/bin
PATH: /usr/texbin


## ----------- ##
## Core tests. ##
## ----------- ##

configure:2571: checking for a BSD-compatible install
configure:2639: result: /usr/bin/install -c
configure:2650: checking whether build environment is sane
configure:2700: result: yes
configure:2841: checking for a thread-safe mkdir -p
configure:2880: result: ./install-sh -c -d
configure:2893: checking for gawk
configure:2923: result: no
configure:2893: checking for mawk
configure:2923: result: no
configure:2893: checking for nawk
configure:2923: result: no
configure:2893: checking for awk
configure:2909: found /usr/bin/awk
configure:2920: result: awk
configure:2931: checking whether make sets $(MAKE)
configure:2953: result: yes
configure:3037: checking build system type
configure:3051: result: x86_64-apple-darwin11.4.0
configure:3071: checking host system type
configure:3084: result: x86_64-apple-darwin11.4.0
configure:3184: checking for g++
configure:3200: found /usr/bin/g++
configure:3211: result: g++
configure:3238: checking for C++ compiler version
configure:3247: g++ --version >&5
i686-apple-darwin11-llvm-g++-4.2 (GCC) 4.2.1 (Based on Apple Inc. build 5658) (LLVM build 2336.9.00)
Copyright (C) 2007 Free Software Foundation, Inc.
This is free software; see the source for copying conditions.  There is NO
warranty; not even for MERCHANTABILITY or FITNESS FOR A PARTICULAR PURPOSE.

configure:3258: $? = 0
configure:3247: g++ -v >&5
Using built-in specs.
Target: i686-apple-darwin11
Configured with: /private/var/tmp/llvmgcc42/llvmgcc42-2336.9~22/src/configure --disable-checking --enable-werror --prefix=/Applications/Xcode.app/Contents/Developer/usr/llvm-gcc-4.2 --mandir=/share/man --enable-languages=c,objc,c++,obj-c++ --program-prefix=llvm- --program-transform-name=/^[cg][^.-]*$/s/$/-4.2/ --with-slibdir=/usr/lib --build=i686-apple-darwin11 --enable-llvm=/private/var/tmp/llvmgcc42/llvmgcc42-2336.9~22/dst-llvmCore/Developer/usr/local --program-prefix=i686-apple-darwin11- --host=x86_64-apple-darwin11 --target=i686-apple-darwin11 --with-gxx-include-dir=/usr/include/c++/4.2.1
Thread model: posix
gcc version 4.2.1 (Based on Apple Inc. build 5658) (LLVM build 2336.9.00)
configure:3258: $? = 0
configure:3247: g++ -V >&5
llvm-g++-4.2: argument to `-V' is missing
configure:3258: $? = 1
configure:3247: g++ -qversion >&5
i686-apple-darwin11-llvm-g++-4.2: no input files
configure:3258: $? = 1
configure:3278: checking whether the C++ compiler works
configure:3300: g++    conftest.cpp  >&5
configure:3304: $? = 0
configure:3352: result: yes
configure:3355: checking for C++ compiler default output file name
configure:3357: result: a.out
configure:3363: checking for suffix of executables
configure:3370: g++ -o conftest    conftest.cpp  >&5
configure:3374: $? = 0
configure:3396: result: 
configure:3418: checking whether we are cross compiling
configure:3426: g++ -o conftest    conftest.cpp  >&5
configure:3430: $? = 0
configure:3437: ./conftest
configure:3441: $? = 0
configure:3456: result: no
configure:3461: checking for suffix of object files
configure:3483: g++ -c   conftest.cpp >&5
configure:3487: $? = 0
configure:3508: result: o
configure:3512: checking whether we are using the GNU C++ compiler
configure:3531: g++ -c   conftest.cpp >&5
configure:3531: $? = 0
configure:3540: result: yes
configure:3549: checking whether g++ accepts -g
configure:3569: g++ -c -g  conftest.cpp >&5
configure:3569: $? = 0
configure:3610: result: yes
configure:3644: checking for style of include used by make
configure:3672: result: GNU
configure:3697: checking dependency style of g++
configure:3807: result: gcc3
configure:3827: checking whether NLS is requested
configure:3836: result: yes
configure:3877: checking for msgfmt
configure: trying /opt/local/bin/msgfmt...
0 translated messages.
configure:3909: result: /opt/local/bin/msgfmt
configure:3918: checking for gmsgfmt
configure:3949: result: /opt/local/bin/msgfmt
configure:4000: checking for xgettext
configure: trying /opt/local/bin/xgettext...
/opt/local/bin/xgettext: warning: file `/dev/null' extension `' is unknown; will try C
configure:4032: result: /opt/local/bin/xgettext
configure:4078: checking for msgmerge
configure: trying /opt/local/bin/msgmerge...
configure:4109: result: /opt/local/bin/msgmerge
configure:4190: checking for gcc
configure:4206: found /usr/bin/gcc
configure:4217: result: gcc
configure:4446: checking for C compiler version
configure:4455: gcc --version >&5
i686-apple-darwin11-llvm-gcc-4.2 (GCC) 4.2.1 (Based on Apple Inc. build 5658) (LLVM build 2336.9.00)
Copyright (C) 2007 Free Software Foundation, Inc.
This is free software; see the source for copying conditions.  There is NO
warranty; not even for MERCHANTABILITY or FITNESS FOR A PARTICULAR PURPOSE.

configure:4466: $? = 0
configure:4455: gcc -v >&5
Using built-in specs.
Target: i686-apple-darwin11
Configured with: /private/var/tmp/llvmgcc42/llvmgcc42-2336.9~22/src/configure --disable-checking --enable-werror --prefix=/Applications/Xcode.app/Contents/Developer/usr/llvm-gcc-4.2 --mandir=/share/man --enable-languages=c,objc,c++,obj-c++ --program-prefix=llvm- --program-transform-name=/^[cg][^.-]*$/s/$/-4.2/ --with-slibdir=/usr/lib --build=i686-apple-darwin11 --enable-llvm=/private/var/tmp/llvmgcc42/llvmgcc42-2336.9~22/dst-llvmCore/Developer/usr/local --program-prefix=i686-apple-darwin11- --host=x86_64-apple-darwin11 --target=i686-apple-darwin11 --with-gxx-include-dir=/usr/include/c++/4.2.1
Thread model: posix
gcc version 4.2.1 (Based on Apple Inc. build 5658) (LLVM build 2336.9.00)
configure:4466: $? = 0
configure:4455: gcc -V >&5
llvm-gcc-4.2: argument to `-V' is missing
configure:4466: $? = 1
configure:4455: gcc -qversion >&5
i686-apple-darwin11-llvm-gcc-4.2: no input files
configure:4466: $? = 1
configure:4470: checking whether we are using the GNU C compiler
configure:4489: gcc -c   conftest.c >&5
configure:4489: $? = 0
configure:4498: result: yes
configure:4507: checking whether gcc accepts -g
configure:4527: gcc -c -g  conftest.c >&5
configure:4527: $? = 0
configure:4568: result: yes
configure:4585: checking for gcc option to accept ISO C89
configure:4649: gcc  -c -g -O2  conftest.c >&5
configure:4649: $? = 0
configure:4662: result: none needed
configure:4684: checking dependency style of gcc
configure:4794: result: gcc3
configure:4833: checking for ld used by GCC
configure:4897: result: /usr/llvm-gcc-4.2/libexec/gcc/i686-apple-darwin11/4.2.1/ld
configure:4904: checking if the linker (/usr/llvm-gcc-4.2/libexec/gcc/i686-apple-darwin11/4.2.1/ld) is GNU ld
configure:4917: result: no
configure:4924: checking for shared library run path origin
configure:4937: result: done
configure:5439: checking for CFPreferencesCopyAppValue
configure:5457: g++ -o conftest -g -O2   conftest.cpp  -Wl,-framework -Wl,CoreFoundation >&5
configure:5457: $? = 0
configure:5466: result: yes
configure:5473: checking for CFLocaleCopyCurrent
configure:5491: g++ -o conftest -g -O2   conftest.cpp  -Wl,-framework -Wl,CoreFoundation >&5
configure:5491: $? = 0
configure:5500: result: yes
configure:5549: checking for GNU gettext in libc
configure:5569: g++ -o conftest -g -O2   conftest.cpp  >&5
conftest.cpp:13:21: error: libintl.h: No such file or directory
conftest.cpp: In function 'int main()':
conftest.cpp:20: error: 'bindtextdomain' was not declared in this scope
conftest.cpp:21: error: 'gettext' was not declared in this scope
configure:5569: $? = 1
configure: failed program was:
| /* confdefs.h */
| #define PACKAGE_NAME ""
| #define PACKAGE_TARNAME ""
| #define PACKAGE_VERSION ""
| #define PACKAGE_STRING ""
| #define PACKAGE_BUGREPORT ""
| #define PACKAGE_URL ""
| #define PACKAGE "encfs"
| #define VERSION "1.7.4"
| #define HAVE_CFPREFERENCESCOPYAPPVALUE 1
| #define HAVE_CFLOCALECOPYCURRENT 1
| /* end confdefs.h.  */
| #include <libintl.h>
| 
| extern int _nl_msg_cat_cntr;
| extern int *_nl_domain_bindings;
| int
| main ()
| {
| bindtextdomain ("", "");
| return * gettext ("") + _nl_msg_cat_cntr + *_nl_domain_bindings
|   ;
|   return 0;
| }
configure:5578: result: no
configure:5612: checking for iconv
configure:5634: g++ -o conftest -g -O2 -I/opt/local/include  conftest.cpp  >&5
Undefined symbols for architecture x86_64:
  "_libiconv_open", referenced from:
      _main in ccuTxNFs.o
  "_libiconv", referenced from:
      _main in ccuTxNFs.o
  "_libiconv_close", referenced from:
      _main in ccuTxNFs.o
ld: symbol(s) not found for architecture x86_64
collect2: ld returned 1 exit status
configure:5634: $? = 1
configure: failed program was:
| /* confdefs.h */
| #define PACKAGE_NAME ""
| #define PACKAGE_TARNAME ""
| #define PACKAGE_VERSION ""
| #define PACKAGE_STRING ""
| #define PACKAGE_BUGREPORT ""
| #define PACKAGE_URL ""
| #define PACKAGE "encfs"
| #define VERSION "1.7.4"
| #define HAVE_CFPREFERENCESCOPYAPPVALUE 1
| #define HAVE_CFLOCALECOPYCURRENT 1
| /* end confdefs.h.  */
| #include <stdlib.h>
| #include <iconv.h>
| int
| main ()
| {
| iconv_t cd = iconv_open("","");
|        iconv(cd,NULL,NULL,NULL,NULL);
|        iconv_close(cd);
|   ;
|   return 0;
| }
configure:5656: g++ -o conftest -g -O2 -I/opt/local/include  conftest.cpp  -L/opt/local/lib -liconv >&5
configure:5656: $? = 0
configure:5666: result: yes
configure:5669: checking for working iconv
configure:5745: g++ -o conftest -g -O2 -I/opt/local/include  conftest.cpp  -L/opt/local/lib -liconv >&5
configure:5745: $? = 0
configure:5745: ./conftest
configure:5745: $? = 0
configure:5757: result: yes
configure:5772: checking how to link with libiconv
configure:5774: result: -L/opt/local/lib -liconv
configure:6220: checking for GNU gettext in libintl
configure:6248: g++ -o conftest -g -O2 -I/opt/local/include   conftest.cpp  -L/opt/local/lib -lintl -liconv -lc  >&5
configure:6248: $? = 0
configure:6289: result: yes
configure:6324: checking whether to use NLS
configure:6326: result: yes
configure:6329: checking where the gettext function comes from
configure:6340: result: external libintl
configure:6348: checking how to link with libintl
configure:6350: result: -L/opt/local/lib -lintl -liconv -lc  -Wl,-framework -Wl,CoreFoundation
configure:6523: checking how to print strings
configure:6550: result: printf
configure:6571: checking for a sed that does not truncate output
configure:6635: result: /usr/bin/sed
configure:6653: checking for grep that handles long lines and -e
configure:6711: result: /usr/bin/grep
configure:6716: checking for egrep
configure:6778: result: /usr/bin/grep -E
configure:6783: checking for fgrep
configure:6845: result: /usr/bin/grep -F
configure:6880: checking for ld used by gcc
configure:6947: result: /usr/llvm-gcc-4.2/libexec/gcc/i686-apple-darwin11/4.2.1/ld
configure:6954: checking if the linker (/usr/llvm-gcc-4.2/libexec/gcc/i686-apple-darwin11/4.2.1/ld) is GNU ld
configure:6969: result: no
configure:6981: checking for BSD- or MS-compatible name lister (nm)
configure:7030: result: /opt/local/bin/nm
configure:7160: checking the name lister (/opt/local/bin/nm) interface
configure:7167: g++ -c -g -O2 -I/opt/local/include conftest.cpp >&5
configure:7170: /opt/local/bin/nm "conftest.o"
configure:7173: output
00000000000001d8 S _some_variable
configure:7180: result: BSD nm
configure:7183: checking whether ln -s works
configure:7187: result: yes
configure:7195: checking the maximum length of command line arguments
configure:7320: result: 196608
configure:7337: checking whether the shell understands some XSI constructs
configure:7347: result: yes
configure:7351: checking whether the shell understands "+="
configure:7357: result: yes
configure:7392: checking for /usr/llvm-gcc-4.2/libexec/gcc/i686-apple-darwin11/4.2.1/ld option to reload object files
configure:7399: result: -r
configure:7468: checking for objdump
configure:7498: result: no
configure:7527: checking how to recognize dependent libraries
configure:7729: result: pass_all
configure:7789: checking for ar
configure:7805: found /opt/local/bin/ar
configure:7816: result: ar
configure:7894: checking for strip
configure:7910: found /opt/local/bin/strip
configure:7921: result: strip
configure:7993: checking for ranlib
configure:8009: found /opt/local/bin/ranlib
configure:8020: result: ranlib
configure:8122: checking command to parse /opt/local/bin/nm output from gcc object
configure:8240: g++ -c -g -O2 -I/opt/local/include conftest.cpp >&5
configure:8243: $? = 0
configure:8247: /opt/local/bin/nm conftest.o \| sed -n -e 's/^.*[ ]\([BCDEGRST][BCDEGRST]*\)[ ][ ]*\([_A-Za-z][_A-Za-z0-9]*\)$/\1 \2 \2/p' \> conftest.nm
configure:8250: $? = 0
cannot find nm_test_var in conftest.nm
configure:8240: g++ -c -g -O2 -I/opt/local/include conftest.cpp >&5
configure:8243: $? = 0
configure:8247: /opt/local/bin/nm conftest.o \| sed -n -e 's/^.*[ ]\([BCDEGRST][BCDEGRST]*\)[ ][ ]*_\([_A-Za-z][_A-Za-z0-9]*\)$/\1 _\2 \2/p' \> conftest.nm
configure:8250: $? = 0
configure:8304: g++ -o conftest -g -O2 -I/opt/local/include  conftest.cpp conftstm.o >&5
configure:8307: $? = 0
configure:8345: result: ok
configure:8610: checking for dsymutil
configure:8626: found /usr/bin/dsymutil
configure:8637: result: dsymutil
configure:8702: checking for nmedit
configure:8718: found /usr/bin/nmedit
configure:8729: result: nmedit
configure:8794: checking for lipo
configure:8810: found /opt/local/bin/lipo
configure:8821: result: lipo
configure:8886: checking for otool
configure:8902: found /opt/local/bin/otool
configure:8913: result: otool
configure:8978: checking for otool64
configure:9008: result: no
configure:9053: checking for -single_module linker flag
gcc -g -O2  -o libconftest.dylib -dynamiclib -Wl,-single_module conftest.c
configure:9080: result: yes
configure:9082: checking for -exported_symbols_list linker flag
configure:9102: g++ -o conftest -g -O2 -I/opt/local/include  -Wl,-exported_symbols_list,conftest.sym conftest.cpp  >&5
configure:9102: $? = 0
configure:9112: result: yes
configure:9114: checking for -force_load linker flag
gcc -g -O2 -c -o conftest.o conftest.c
ar cru libconftest.a conftest.o
ranlib libconftest.a
gcc -g -O2  -o conftest conftest.c -Wl,-force_load,./libconftest.a
configure:9144: result: yes
configure:9186: checking how to run the C preprocessor
configure:9217: gcc -E -I/opt/local/include conftest.c
configure:9217: $? = 0
configure:9231: gcc -E -I/opt/local/include conftest.c
conftest.c:17:28: error: ac_nonexistent.h: No such file or directory
configure:9231: $? = 1
configure: failed program was:
| /* confdefs.h */
| #define PACKAGE_NAME ""
| #define PACKAGE_TARNAME ""
| #define PACKAGE_VERSION ""
| #define PACKAGE_STRING ""
| #define PACKAGE_BUGREPORT ""
| #define PACKAGE_URL ""
| #define PACKAGE "encfs"
| #define VERSION "1.7.4"
| #define HAVE_CFPREFERENCESCOPYAPPVALUE 1
| #define HAVE_CFLOCALECOPYCURRENT 1
| #define HAVE_ICONV 1
| #define ENABLE_NLS 1
| #define HAVE_GETTEXT 1
| #define HAVE_DCGETTEXT 1
| /* end confdefs.h.  */
| #include <ac_nonexistent.h>
configure:9256: result: gcc -E
configure:9276: gcc -E -I/opt/local/include conftest.c
configure:9276: $? = 0
configure:9290: gcc -E -I/opt/local/include conftest.c
conftest.c:17:28: error: ac_nonexistent.h: No such file or directory
configure:9290: $? = 1
configure: failed program was:
| /* confdefs.h */
| #define PACKAGE_NAME ""
| #define PACKAGE_TARNAME ""
| #define PACKAGE_VERSION ""
| #define PACKAGE_STRING ""
| #define PACKAGE_BUGREPORT ""
| #define PACKAGE_URL ""
| #define PACKAGE "encfs"
| #define VERSION "1.7.4"
| #define HAVE_CFPREFERENCESCOPYAPPVALUE 1
| #define HAVE_CFLOCALECOPYCURRENT 1
| #define HAVE_ICONV 1
| #define ENABLE_NLS 1
| #define HAVE_GETTEXT 1
| #define HAVE_DCGETTEXT 1
| /* end confdefs.h.  */
| #include <ac_nonexistent.h>
configure:9319: checking for ANSI C header files
configure:9339: gcc -c -g -O2 -I/opt/local/include conftest.c >&5
configure:9339: $? = 0
configure:9412: gcc -o conftest -g -O2 -I/opt/local/include  conftest.c  >&5
configure:9412: $? = 0
configure:9412: ./conftest
configure:9412: $? = 0
configure:9423: result: yes
configure:9436: checking for sys/types.h
configure:9436: gcc -c -g -O2 -I/opt/local/include conftest.c >&5
configure:9436: $? = 0
configure:9436: result: yes
configure:9436: checking for sys/stat.h
configure:9436: gcc -c -g -O2 -I/opt/local/include conftest.c >&5
configure:9436: $? = 0
configure:9436: result: yes
configure:9436: checking for stdlib.h
configure:9436: gcc -c -g -O2 -I/opt/local/include conftest.c >&5
configure:9436: $? = 0
configure:9436: result: yes
configure:9436: checking for string.h
configure:9436: gcc -c -g -O2 -I/opt/local/include conftest.c >&5
configure:9436: $? = 0
configure:9436: result: yes
configure:9436: checking for memory.h
configure:9436: gcc -c -g -O2 -I/opt/local/include conftest.c >&5
configure:9436: $? = 0
configure:9436: result: yes
configure:9436: checking for strings.h
configure:9436: gcc -c -g -O2 -I/opt/local/include conftest.c >&5
configure:9436: $? = 0
configure:9436: result: yes
configure:9436: checking for inttypes.h
configure:9436: gcc -c -g -O2 -I/opt/local/include conftest.c >&5
configure:9436: $? = 0
configure:9436: result: yes
configure:9436: checking for stdint.h
configure:9436: gcc -c -g -O2 -I/opt/local/include conftest.c >&5
configure:9436: $? = 0
configure:9436: result: yes
configure:9436: checking for unistd.h
configure:9436: gcc -c -g -O2 -I/opt/local/include conftest.c >&5
configure:9436: $? = 0
configure:9436: result: yes
configure:9450: checking for dlfcn.h
configure:9450: gcc -c -g -O2 -I/opt/local/include conftest.c >&5
configure:9450: $? = 0
configure:9450: result: yes
configure:9577: checking for objdir
configure:9592: result: .libs
configure:9863: checking if gcc supports -fno-rtti -fno-exceptions
configure:9881: gcc -c -g -O2 -I/opt/local/include -fno-rtti -fno-exceptions conftest.c >&5
cc1: warning: command line option "-fno-rtti" is valid for C++/ObjC++ but not for C
configure:9885: $? = 0
configure:9898: result: no
configure:9918: checking for gcc option to produce PIC
configure:10203: result: -fno-common -DPIC
configure:10215: checking if gcc PIC flag -fno-common -DPIC works
configure:10233: gcc -c -g -O2 -I/opt/local/include -fno-common -DPIC -DPIC conftest.c >&5
configure:10237: $? = 0
configure:10250: result: yes
configure:10274: checking if gcc static flag -static works
configure:10302: result: no
configure:10317: checking if gcc supports -c -o file.o
configure:10338: gcc -c -g -O2 -I/opt/local/include -o out/conftest2.o conftest.c >&5
configure:10342: $? = 0
configure:10364: result: yes
configure:10372: checking if gcc supports -c -o file.o
configure:10419: result: yes
configure:10452: checking whether the gcc linker (/usr/llvm-gcc-4.2/libexec/gcc/i686-apple-darwin11/4.2.1/ld) supports shared libraries
configure:11527: result: yes
configure:11772: checking dynamic linker characteristics
configure:12449: result: darwin11.4.0 dyld
configure:12556: checking how to hardcode library paths into programs
configure:12581: result: immediate
configure:13121: checking whether stripping libraries is possible
configure:13135: result: yes
configure:13161: checking if libtool supports shared libraries
configure:13163: result: yes
configure:13166: checking whether to build shared libraries
configure:13187: result: yes
configure:13190: checking whether to build static libraries
configure:13194: result: no
configure:13217: checking how to run the C++ preprocessor
configure:13244: g++ -E -I/opt/local/include conftest.cpp
configure:13244: $? = 0
configure:13258: g++ -E -I/opt/local/include conftest.cpp
conftest.cpp:29:28: error: ac_nonexistent.h: No such file or directory
configure:13258: $? = 1
configure: failed program was:
| /* confdefs.h */
| #define PACKAGE_NAME ""
| #define PACKAGE_TARNAME ""
| #define PACKAGE_VERSION ""
| #define PACKAGE_STRING ""
| #define PACKAGE_BUGREPORT ""
| #define PACKAGE_URL ""
| #define PACKAGE "encfs"
| #define VERSION "1.7.4"
| #define HAVE_CFPREFERENCESCOPYAPPVALUE 1
| #define HAVE_CFLOCALECOPYCURRENT 1
| #define HAVE_ICONV 1
| #define ENABLE_NLS 1
| #define HAVE_GETTEXT 1
| #define HAVE_DCGETTEXT 1
| #define STDC_HEADERS 1
| #define HAVE_SYS_TYPES_H 1
| #define HAVE_SYS_STAT_H 1
| #define HAVE_STDLIB_H 1
| #define HAVE_STRING_H 1
| #define HAVE_MEMORY_H 1
| #define HAVE_STRINGS_H 1
| #define HAVE_INTTYPES_H 1
| #define HAVE_STDINT_H 1
| #define HAVE_UNISTD_H 1
| #define HAVE_DLFCN_H 1
| #define LT_OBJDIR ".libs/"
| /* end confdefs.h.  */
| #include <ac_nonexistent.h>
configure:13283: result: g++ -E
configure:13303: g++ -E -I/opt/local/include conftest.cpp
configure:13303: $? = 0
configure:13317: g++ -E -I/opt/local/include conftest.cpp
conftest.cpp:29:28: error: ac_nonexistent.h: No such file or directory
configure:13317: $? = 1
configure: failed program was:
| /* confdefs.h */
| #define PACKAGE_NAME ""
| #define PACKAGE_TARNAME ""
| #define PACKAGE_VERSION ""
| #define PACKAGE_STRING ""
| #define PACKAGE_BUGREPORT ""
| #define PACKAGE_URL ""
| #define PACKAGE "encfs"
| #define VERSION "1.7.4"
| #define HAVE_CFPREFERENCESCOPYAPPVALUE 1
| #define HAVE_CFLOCALECOPYCURRENT 1
| #define HAVE_ICONV 1
| #define ENABLE_NLS 1
| #define HAVE_GETTEXT 1
| #define HAVE_DCGETTEXT 1
| #define STDC_HEADERS 1
| #define HAVE_SYS_TYPES_H 1
| #define HAVE_SYS_STAT_H 1
| #define HAVE_STDLIB_H 1
| #define HAVE_STRING_H 1
| #define HAVE_MEMORY_H 1
| #define HAVE_STRINGS_H 1
| #define HAVE_INTTYPES_H 1
| #define HAVE_STDINT_H 1
| #define HAVE_UNISTD_H 1
| #define HAVE_DLFCN_H 1
| #define LT_OBJDIR ".libs/"
| /* end confdefs.h.  */
| #include <ac_nonexistent.h>
configure:13485: checking for ld used by g++
configure:13552: result: /usr/llvm-gcc-4.2/libexec/gcc/i686-apple-darwin11/4.2.1/ld
configure:13559: checking if the linker (/usr/llvm-gcc-4.2/libexec/gcc/i686-apple-darwin11/4.2.1/ld) is GNU ld
configure:13574: result: no
configure:13629: checking whether the g++ linker (/usr/llvm-gcc-4.2/libexec/gcc/i686-apple-darwin11/4.2.1/ld) supports shared libraries
configure:14561: result: yes
configure:14589: g++ -c -g -O2 -I/opt/local/include conftest.cpp >&5
configure:14592: $? = 0
configure:14774: checking for g++ option to produce PIC
configure:15096: result: -fno-common -DPIC
configure:15105: checking if g++ PIC flag -fno-common -DPIC works
configure:15123: g++ -c -g -O2 -I/opt/local/include -fno-common -DPIC -DPIC conftest.cpp >&5
configure:15127: $? = 0
configure:15140: result: yes
configure:15161: checking if g++ static flag -static works
configure:15189: result: no
configure:15201: checking if g++ supports -c -o file.o
configure:15222: g++ -c -g -O2 -I/opt/local/include -o out/conftest2.o conftest.cpp >&5
configure:15226: $? = 0
configure:15248: result: yes
configure:15253: checking if g++ supports -c -o file.o
configure:15300: result: yes
configure:15330: checking whether the g++ linker (/usr/llvm-gcc-4.2/libexec/gcc/i686-apple-darwin11/4.2.1/ld) supports shared libraries
configure:15358: result: yes
configure:15501: checking dynamic linker characteristics
configure:16112: result: darwin11.4.0 dyld
configure:16165: checking how to hardcode library paths into programs
configure:16190: result: immediate
configure:16413: checking for the pthreads library -lpthreads
configure:16446: gcc -o conftest -g -O2  -I/opt/local/include  conftest.c -lpthreads  >&5
ld: library not found for -lpthreads
collect2: ld returned 1 exit status
configure:16446: $? = 1
configure: failed program was:
| /* confdefs.h */
| #define PACKAGE_NAME ""
| #define PACKAGE_TARNAME ""
| #define PACKAGE_VERSION ""
| #define PACKAGE_STRING ""
| #define PACKAGE_BUGREPORT ""
| #define PACKAGE_URL ""
| #define PACKAGE "encfs"
| #define VERSION "1.7.4"
| #define HAVE_CFPREFERENCESCOPYAPPVALUE 1
| #define HAVE_CFLOCALECOPYCURRENT 1
| #define HAVE_ICONV 1
| #define ENABLE_NLS 1
| #define HAVE_GETTEXT 1
| #define HAVE_DCGETTEXT 1
| #define STDC_HEADERS 1
| #define HAVE_SYS_TYPES_H 1
| #define HAVE_SYS_STAT_H 1
| #define HAVE_STDLIB_H 1
| #define HAVE_STRING_H 1
| #define HAVE_MEMORY_H 1
| #define HAVE_STRINGS_H 1
| #define HAVE_INTTYPES_H 1
| #define HAVE_STDINT_H 1
| #define HAVE_UNISTD_H 1
| #define HAVE_DLFCN_H 1
| #define LT_OBJDIR ".libs/"
| /* end confdefs.h.  */
| #include <pthread.h>
| int
| main ()
| {
| pthread_t th; pthread_join(th, 0);
|                      pthread_attr_init(0); pthread_cleanup_push(0, 0);
|                      pthread_create(0,0,0,0); pthread_cleanup_pop(0);
|   ;
|   return 0;
| }
configure:16455: result: no
configure:16358: checking whether pthreads work without any flags
configure:16446: gcc -o conftest -g -O2  -I/opt/local/include  conftest.c   >&5
configure:16446: $? = 0
configure:16455: result: yes
configure:16475: checking for joinable pthread attribute
configure:16488: gcc -o conftest -g -O2  -I/opt/local/include  conftest.c   >&5
configure:16488: $? = 0
configure:16520: result: PTHREAD_CREATE_JOINABLE
configure:16527: checking if more special flags are required for pthreads
configure:16534: result: -D_THREAD_SAFE
configure:16546: checking for cc_r
configure:16574: result: gcc
configure:16656: checking for boostlib >= 1.34
configure:16710: g++ -c -g -O2 -I/opt/local/include -I/opt/local/include conftest.cpp >&5
configure:16710: $? = 0
configure:16712: result: yes
configure:16878: checking whether the Boost::System library is available
configure:16902: g++ -c -g -O2 -I/opt/local/include -I/opt/local/include conftest.cpp >&5
configure:16902: $? = 0
configure:16917: result: yes
configure:16932: checking for exit in -lboost_system-mt
configure:16957: g++ -o conftest -g -O2 -I/opt/local/include -I/opt/local/include  -L/opt/local/lib conftest.cpp -lboost_system-mt   >&5
configure:16957: $? = 0
configure:16967: result: yes
configure:17109: WARNING: BOOST_CPPFLAGS -I/opt/local/include
configure:17117: checking whether the Boost::Serialization library is available
configure:17145: g++ -c -g -O2 -I/opt/local/include -I/opt/local/include conftest.cpp >&5
configure:17145: $? = 0
configure:17159: result: yes
configure:17170: checking for exit in -lboost_serialization-mt
configure:17195: g++ -o conftest -g -O2 -I/opt/local/include -I/opt/local/include  -L/opt/local/lib conftest.cpp -lboost_serialization-mt   >&5
configure:17195: $? = 0
configure:17205: result: yes
configure:17347: checking whether the Boost::Filesystem library is available
configure:17371: g++ -c -g -O2 -I/opt/local/include -I/opt/local/include conftest.cpp >&5
configure:17371: $? = 0
configure:17385: result: yes
configure:17396: checking for exit in -lboost_filesystem-mt
configure:17421: g++ -o conftest -g -O2 -I/opt/local/include -I/opt/local/include  -L/opt/local/lib conftest.cpp -lboost_filesystem-mt   >&5
configure:17421: $? = 0
configure:17431: result: yes
configure:17563: checking fuse.h usability
configure:17563: g++ -c -W -Wall -Wpointer-arith -Wwrite-strings -g -O2 -D_THREAD_SAFE   -I/opt/local/include  -D_FILE_OFFSET_BITS=64 -DFUSE_USE_VERSION=26 -D__STDC_FORMAT_MACROS conftest.cpp >&5
configure:17563: $? = 0
configure:17563: result: yes
configure:17563: checking fuse.h presence
configure:17563: g++ -E -I/opt/local/include  -D_FILE_OFFSET_BITS=64 -DFUSE_USE_VERSION=26 -D__STDC_FORMAT_MACROS conftest.cpp
configure:17563: $? = 0
configure:17563: result: yes
configure:17563: checking for fuse.h
configure:17563: result: yes
configure:17574: checking for fuse_new in -lfuse_ino64
configure:17599: g++ -o conftest -W -Wall -Wpointer-arith -Wwrite-strings -g -O2 -D_THREAD_SAFE   -I/opt/local/include  -D_FILE_OFFSET_BITS=64 -DFUSE_USE_VERSION=26 -D__STDC_FORMAT_MACROS    -L/opt/local/lib conftest.cpp -lfuse_ino64   >&5
configure:17599: $? = 0
configure:17608: result: yes
configure:17665: checking For supported FUSE API version
configure:17691: g++ -o conftest -W -Wall -Wpointer-arith -Wwrite-strings -g -O2 -D_THREAD_SAFE   -I/opt/local/include  -D_FILE_OFFSET_BITS=64 -DFUSE_USE_VERSION=26 -D__STDC_FORMAT_MACROS    -L/opt/local/lib conftest.cpp  >&5
configure:17691: $? = 0
configure:17691: ./conftest
configure:17691: $? = 0
configure:17692: result: yes
configure:17715: checking attr/xattr.h usability
configure:17715: g++ -c -W -Wall -Wpointer-arith -Wwrite-strings -g -O2 -D_THREAD_SAFE   -I/opt/local/include  -D_FILE_OFFSET_BITS=64 -DFUSE_USE_VERSION=26 -D__STDC_FORMAT_MACROS conftest.cpp >&5
conftest.cpp:67:24: error: attr/xattr.h: No such file or directory
configure:17715: $? = 1
configure: failed program was:
| /* confdefs.h */
| #define PACKAGE_NAME ""
| #define PACKAGE_TARNAME ""
| #define PACKAGE_VERSION ""
| #define PACKAGE_STRING ""
| #define PACKAGE_BUGREPORT ""
| #define PACKAGE_URL ""
| #define PACKAGE "encfs"
| #define VERSION "1.7.4"
| #define HAVE_CFPREFERENCESCOPYAPPVALUE 1
| #define HAVE_CFLOCALECOPYCURRENT 1
| #define HAVE_ICONV 1
| #define ENABLE_NLS 1
| #define HAVE_GETTEXT 1
| #define HAVE_DCGETTEXT 1
| #define STDC_HEADERS 1
| #define HAVE_SYS_TYPES_H 1
| #define HAVE_SYS_STAT_H 1
| #define HAVE_STDLIB_H 1
| #define HAVE_STRING_H 1
| #define HAVE_MEMORY_H 1
| #define HAVE_STRINGS_H 1
| #define HAVE_INTTYPES_H 1
| #define HAVE_STDINT_H 1
| #define HAVE_UNISTD_H 1
| #define HAVE_DLFCN_H 1
| #define LT_OBJDIR ".libs/"
| #define HAVE_PTHREAD 1
| #define HAVE_BOOST /**/
| #define HAVE_BOOST_SYSTEM /**/
| #define HAVE_BOOST_SERIALIZATION /**/
| #define HAVE_BOOST_FILESYSTEM /**/
| /* end confdefs.h.  */
| #include <stdio.h>
| #ifdef HAVE_SYS_TYPES_H
| # include <sys/types.h>
| #endif
| #ifdef HAVE_SYS_STAT_H
| # include <sys/stat.h>
| #endif
| #ifdef STDC_HEADERS
| # include <stdlib.h>
| # include <stddef.h>
| #else
| # ifdef HAVE_STDLIB_H
| #  include <stdlib.h>
| # endif
| #endif
| #ifdef HAVE_STRING_H
| # if !defined STDC_HEADERS && defined HAVE_MEMORY_H
| #  include <memory.h>
| # endif
| # include <string.h>
| #endif
| #ifdef HAVE_STRINGS_H
| # include <strings.h>
| #endif
| #ifdef HAVE_INTTYPES_H
| # include <inttypes.h>
| #endif
| #ifdef HAVE_STDINT_H
| # include <stdint.h>
| #endif
| #ifdef HAVE_UNISTD_H
| # include <unistd.h>
| #endif
| #include <attr/xattr.h>
configure:17715: result: no
configure:17715: checking attr/xattr.h presence
configure:17715: g++ -E -I/opt/local/include  -D_FILE_OFFSET_BITS=64 -DFUSE_USE_VERSION=26 -D__STDC_FORMAT_MACROS conftest.cpp
conftest.cpp:34:24: error: attr/xattr.h: No such file or directory
configure:17715: $? = 1
configure: failed program was:
| /* confdefs.h */
| #define PACKAGE_NAME ""
| #define PACKAGE_TARNAME ""
| #define PACKAGE_VERSION ""
| #define PACKAGE_STRING ""
| #define PACKAGE_BUGREPORT ""
| #define PACKAGE_URL ""
| #define PACKAGE "encfs"
| #define VERSION "1.7.4"
| #define HAVE_CFPREFERENCESCOPYAPPVALUE 1
| #define HAVE_CFLOCALECOPYCURRENT 1
| #define HAVE_ICONV 1
| #define ENABLE_NLS 1
| #define HAVE_GETTEXT 1
| #define HAVE_DCGETTEXT 1
| #define STDC_HEADERS 1
| #define HAVE_SYS_TYPES_H 1
| #define HAVE_SYS_STAT_H 1
| #define HAVE_STDLIB_H 1
| #define HAVE_STRING_H 1
| #define HAVE_MEMORY_H 1
| #define HAVE_STRINGS_H 1
| #define HAVE_INTTYPES_H 1
| #define HAVE_STDINT_H 1
| #define HAVE_UNISTD_H 1
| #define HAVE_DLFCN_H 1
| #define LT_OBJDIR ".libs/"
| #define HAVE_PTHREAD 1
| #define HAVE_BOOST /**/
| #define HAVE_BOOST_SYSTEM /**/
| #define HAVE_BOOST_SERIALIZATION /**/
| #define HAVE_BOOST_FILESYSTEM /**/
| /* end confdefs.h.  */
| #include <attr/xattr.h>
configure:17715: result: no
configure:17715: checking for attr/xattr.h
configure:17715: result: no
configure:17715: checking sys/xattr.h usability
configure:17715: g++ -c -W -Wall -Wpointer-arith -Wwrite-strings -g -O2 -D_THREAD_SAFE   -I/opt/local/include  -D_FILE_OFFSET_BITS=64 -DFUSE_USE_VERSION=26 -D__STDC_FORMAT_MACROS conftest.cpp >&5
configure:17715: $? = 0
configure:17715: result: yes
configure:17715: checking sys/xattr.h presence
configure:17715: g++ -E -I/opt/local/include  -D_FILE_OFFSET_BITS=64 -DFUSE_USE_VERSION=26 -D__STDC_FORMAT_MACROS conftest.cpp
configure:17715: $? = 0
configure:17715: result: yes
configure:17715: checking for sys/xattr.h
configure:17715: result: yes
configure:17727: checking whether xattr interface takes additional options
configure:17755: g++ -c -W -Wall -Wpointer-arith -Wwrite-strings -g -O2 -D_THREAD_SAFE   -I/opt/local/include  -D_FILE_OFFSET_BITS=64 -DFUSE_USE_VERSION=26 -D__STDC_FORMAT_MACROS conftest.cpp >&5
configure:17755: $? = 0
configure:17763: result: yes
configure:17855: checking for pkg-config
configure:17873: found /opt/local/bin/pkg-config
configure:17885: result: /opt/local/bin/pkg-config
configure:17910: checking pkg-config is at least version 0.9.0
configure:17913: result: yes
configure:17923: checking for OPENSSL
configure:17930: $PKG_CONFIG --exists --print-errors "openssl >= 0.9.7"
configure:17933: $? = 0
configure:17946: $PKG_CONFIG --exists --print-errors "openssl >= 0.9.7"
configure:17949: $? = 0
configure:17986: result: yes
configure:18056: checking for EVP_aes_128_cbc
configure:18056: g++ -o conftest -W -Wall -Wpointer-arith -Wwrite-strings -g -O2 -D_THREAD_SAFE   -I/opt/local/include   -I/opt/local/include  -D_FILE_OFFSET_BITS=64 -DFUSE_USE_VERSION=26 -D__STDC_FORMAT_MACROS    -L/opt/local/lib conftest.cpp   -L/opt/local/lib -lssl -lcrypto   >&5
configure:18056: $? = 0
configure:18056: result: yes
configure:18056: checking for EVP_aes_192_cbc
configure:18056: g++ -o conftest -W -Wall -Wpointer-arith -Wwrite-strings -g -O2 -D_THREAD_SAFE   -I/opt/local/include   -I/opt/local/include  -D_FILE_OFFSET_BITS=64 -DFUSE_USE_VERSION=26 -D__STDC_FORMAT_MACROS    -L/opt/local/lib conftest.cpp   -L/opt/local/lib -lssl -lcrypto   >&5
configure:18056: $? = 0
configure:18056: result: yes
configure:18056: checking for EVP_aes_256_cbc
configure:18056: g++ -o conftest -W -Wall -Wpointer-arith -Wwrite-strings -g -O2 -D_THREAD_SAFE   -I/opt/local/include   -I/opt/local/include  -D_FILE_OFFSET_BITS=64 -DFUSE_USE_VERSION=26 -D__STDC_FORMAT_MACROS    -L/opt/local/lib conftest.cpp   -L/opt/local/lib -lssl -lcrypto   >&5
configure:18056: $? = 0
configure:18056: result: yes
configure:18069: checking for EVP_bf_cbc
configure:18069: g++ -o conftest -W -Wall -Wpointer-arith -Wwrite-strings -g -O2 -D_THREAD_SAFE   -I/opt/local/include   -I/opt/local/include  -D_FILE_OFFSET_BITS=64 -DFUSE_USE_VERSION=26 -D__STDC_FORMAT_MACROS    -L/opt/local/lib conftest.cpp   -L/opt/local/lib -lssl -lcrypto   >&5
configure:18069: $? = 0
configure:18069: result: yes
configure:18082: checking for EVP_CIPHER_CTX_set_padding
configure:18082: g++ -o conftest -W -Wall -Wpointer-arith -Wwrite-strings -g -O2 -D_THREAD_SAFE   -I/opt/local/include   -I/opt/local/include  -D_FILE_OFFSET_BITS=64 -DFUSE_USE_VERSION=26 -D__STDC_FORMAT_MACROS    -L/opt/local/lib conftest.cpp   -L/opt/local/lib -lssl -lcrypto   >&5
configure:18082: $? = 0
configure:18082: result: yes
configure:18096: checking for HMAC_Init_ex
configure:18096: g++ -o conftest -W -Wall -Wpointer-arith -Wwrite-strings -g -O2 -D_THREAD_SAFE   -I/opt/local/include   -I/opt/local/include  -D_FILE_OFFSET_BITS=64 -DFUSE_USE_VERSION=26 -D__STDC_FORMAT_MACROS    -L/opt/local/lib conftest.cpp   -L/opt/local/lib -lssl -lcrypto   >&5
configure:18096: $? = 0
configure:18096: result: yes
configure:18141: checking for RLOG
configure:18148: $PKG_CONFIG --exists --print-errors "librlog >= 1.3"
configure:18151: $? = 0
configure:18164: $PKG_CONFIG --exists --print-errors "librlog >= 1.3"
configure:18167: $? = 0
configure:18204: result: yes
configure:18260: checking for pod2man
configure:18278: found /opt/local/bin/pod2man
configure:18291: result: /opt/local/bin/pod2man
configure:18301: checking for pod2html
configure:18319: found /opt/local/bin/pod2html
configure:18332: result: /opt/local/bin/pod2html
configure:18531: creating ./config.status

## ---------------------- ##
## Running config.status. ##
## ---------------------- ##

This file was extended by config.status, which was
generated by GNU Autoconf 2.68.  Invocation command line was

  CONFIG_FILES    = 
  CONFIG_HEADERS  = 
  CONFIG_LINKS    = 
  CONFIG_COMMANDS = 
  $ ./config.status 

on Rajsekars-MacBook-Air.local

config.status:1228: creating Makefile
config.status:1228: creating encfs/Makefile
config.status:1228: creating encfs.spec
config.status:1228: creating makedist2.sh
config.status:1228: creating m4/Makefile
config.status:1228: creating po/Makefile.in
config.status:1228: creating po/Makefile
config.status:1228: creating config.h
config.status:1457: executing depfiles commands
config.status:1457: executing po-directories commands
config.status:1457: executing libtool commands

## ---------------- ##
## Cache variables. ##
## ---------------- ##

ac_cv_build=x86_64-apple-darwin11.4.0
ac_cv_c_compiler_gnu=yes
ac_cv_cxx_compiler_gnu=yes
ac_cv_env_CCC_set=
ac_cv_env_CCC_value=
ac_cv_env_CC_set=
ac_cv_env_CC_value=
ac_cv_env_CFLAGS_set=
ac_cv_env_CFLAGS_value=
ac_cv_env_CPPFLAGS_set=
ac_cv_env_CPPFLAGS_value=
ac_cv_env_CPP_set=
ac_cv_env_CPP_value=
ac_cv_env_CXXCPP_set=
ac_cv_env_CXXCPP_value=
ac_cv_env_CXXFLAGS_set=
ac_cv_env_CXXFLAGS_value=
ac_cv_env_CXX_set=
ac_cv_env_CXX_value=
ac_cv_env_LDFLAGS_set=
ac_cv_env_LDFLAGS_value=
ac_cv_env_LIBS_set=
ac_cv_env_LIBS_value=
ac_cv_env_OPENSSL_CFLAGS_set=
ac_cv_env_OPENSSL_CFLAGS_value=
ac_cv_env_OPENSSL_LIBS_set=
ac_cv_env_OPENSSL_LIBS_value=
ac_cv_env_PKG_CONFIG_LIBDIR_set=
ac_cv_env_PKG_CONFIG_LIBDIR_value=
ac_cv_env_PKG_CONFIG_PATH_set=
ac_cv_env_PKG_CONFIG_PATH_value=
ac_cv_env_PKG_CONFIG_set=
ac_cv_env_PKG_CONFIG_value=
ac_cv_env_RLOG_CFLAGS_set=
ac_cv_env_RLOG_CFLAGS_value=
ac_cv_env_RLOG_LIBS_set=
ac_cv_env_RLOG_LIBS_value=
ac_cv_env_build_alias_set=
ac_cv_env_build_alias_value=
ac_cv_env_host_alias_set=
ac_cv_env_host_alias_value=
ac_cv_env_target_alias_set=
ac_cv_env_target_alias_value=
ac_cv_func_EVP_CIPHER_CTX_set_padding=yes
ac_cv_func_EVP_aes_128_cbc=yes
ac_cv_func_EVP_aes_192_cbc=yes
ac_cv_func_EVP_aes_256_cbc=yes
ac_cv_func_EVP_bf_cbc=yes
ac_cv_func_HMAC_Init_ex=yes
ac_cv_header_attr_xattr_h=no
ac_cv_header_dlfcn_h=yes
ac_cv_header_fuse_h=yes
ac_cv_header_inttypes_h=yes
ac_cv_header_memory_h=yes
ac_cv_header_stdc=yes
ac_cv_header_stdint_h=yes
ac_cv_header_stdlib_h=yes
ac_cv_header_string_h=yes
ac_cv_header_strings_h=yes
ac_cv_header_sys_stat_h=yes
ac_cv_header_sys_types_h=yes
ac_cv_header_sys_xattr_h=yes
ac_cv_header_unistd_h=yes
ac_cv_host=x86_64-apple-darwin11.4.0
ac_cv_lib_boost_filesystem_mt___exit=yes
ac_cv_lib_boost_serialization_mt___exit=yes
ac_cv_lib_boost_system_mt___exit=yes
ac_cv_lib_fuse_ino64_fuse_new=yes
ac_cv_objext=o
ac_cv_path_EGREP='/usr/bin/grep -E'
ac_cv_path_FGREP='/usr/bin/grep -F'
ac_cv_path_GMSGFMT=/opt/local/bin/msgfmt
ac_cv_path_GREP=/usr/bin/grep
ac_cv_path_MSGFMT=/opt/local/bin/msgfmt
ac_cv_path_MSGMERGE=/opt/local/bin/msgmerge
ac_cv_path_POD2HTML=/opt/local/bin/pod2html
ac_cv_path_POD2MAN=/opt/local/bin/pod2man
ac_cv_path_SED=/usr/bin/sed
ac_cv_path_XGETTEXT=/opt/local/bin/xgettext
ac_cv_path_ac_pt_PKG_CONFIG=/opt/local/bin/pkg-config
ac_cv_path_install='/usr/bin/install -c'
ac_cv_prog_AWK=awk
ac_cv_prog_CPP='gcc -E'
ac_cv_prog_CXXCPP='g++ -E'
ac_cv_prog_PTHREAD_CC=gcc
ac_cv_prog_ac_ct_AR=ar
ac_cv_prog_ac_ct_CC=gcc
ac_cv_prog_ac_ct_CXX=g++
ac_cv_prog_ac_ct_DSYMUTIL=dsymutil
ac_cv_prog_ac_ct_LIPO=lipo
ac_cv_prog_ac_ct_NMEDIT=nmedit
ac_cv_prog_ac_ct_OTOOL=otool
ac_cv_prog_ac_ct_RANLIB=ranlib
ac_cv_prog_ac_ct_STRIP=strip
ac_cv_prog_cc_c89=
ac_cv_prog_cc_g=yes
ac_cv_prog_cxx_g=yes
ac_cv_prog_make_make_set=yes
acl_cv_hardcode_direct=no
acl_cv_hardcode_libdir_flag_spec=
acl_cv_hardcode_libdir_separator=
acl_cv_hardcode_minus_L=no
acl_cv_libext=a
acl_cv_libname_spec='lib$name'
acl_cv_library_names_spec='$libname$shrext'
acl_cv_path_LD=/usr/llvm-gcc-4.2/libexec/gcc/i686-apple-darwin11/4.2.1/ld
acl_cv_prog_gnu_ld=no
acl_cv_rpath=done
acl_cv_shlibext=dylib
acl_cv_wl=-Wl,
am_cv_CC_dependencies_compiler_type=gcc3
am_cv_CXX_dependencies_compiler_type=gcc3
am_cv_func_iconv=yes
am_cv_func_iconv_works=yes
am_cv_lib_iconv=yes
ax_cv_boost_filesystem=yes
ax_cv_boost_serialization=yes
ax_cv_boost_system=yes
gt_cv_func_CFLocaleCopyCurrent=yes
gt_cv_func_CFPreferencesCopyAppValue=yes
gt_cv_func_gnugettext1_libc=no
gt_cv_func_gnugettext1_libintl=yes
lt_cv_apple_cc_single_mod=yes
lt_cv_deplibs_check_method=pass_all
lt_cv_file_magic_cmd='$MAGIC_CMD'
lt_cv_file_magic_test_file=
lt_cv_ld_exported_symbols_list=yes
lt_cv_ld_force_load=yes
lt_cv_ld_reload_flag=-r
lt_cv_nm_interface='BSD nm'
lt_cv_objdir=.libs
lt_cv_path_LD=/usr/llvm-gcc-4.2/libexec/gcc/i686-apple-darwin11/4.2.1/ld
lt_cv_path_LDCXX=/usr/llvm-gcc-4.2/libexec/gcc/i686-apple-darwin11/4.2.1/ld
lt_cv_path_NM=/opt/local/bin/nm
lt_cv_prog_compiler_c_o=yes
lt_cv_prog_compiler_c_o_CXX=yes
lt_cv_prog_compiler_pic_works=yes
lt_cv_prog_compiler_pic_works_CXX=yes
lt_cv_prog_compiler_rtti_exceptions=no
lt_cv_prog_compiler_static_works=no
lt_cv_prog_compiler_static_works_CXX=no
lt_cv_prog_gnu_ld=no
lt_cv_prog_gnu_ldcxx=no
lt_cv_sys_global_symbol_pipe='sed -n -e '\''s/^.*[	 ]\([BCDEGRST][BCDEGRST]*\)[	 ][	 ]*_\([_A-Za-z][_A-Za-z0-9]*\)$/\1 _\2 \2/p'\'''
lt_cv_sys_global_symbol_to_c_name_address='sed -n -e '\''s/^: \([^ ]*\) $/  {\"\1\", (void *) 0},/p'\'' -e '\''s/^[BCDEGRST]* \([^ ]*\) \([^ ]*\)$/  {"\2", (void *) \&\2},/p'\'''
lt_cv_sys_global_symbol_to_c_name_address_lib_prefix='sed -n -e '\''s/^: \([^ ]*\) $/  {\"\1\", (void *) 0},/p'\'' -e '\''s/^[BCDEGRST]* \([^ ]*\) \(lib[^ ]*\)$/  {"\2", (void *) \&\2},/p'\'' -e '\''s/^[BCDEGRST]* \([^ ]*\) \([^ ]*\)$/  {"lib\2", (void *) \&\2},/p'\'''
lt_cv_sys_global_symbol_to_cdecl='sed -n -e '\''s/^T .* \(.*\)$/extern int \1();/p'\'' -e '\''s/^[BCDEGRST]* .* \(.*\)$/extern char \1;/p'\'''
lt_cv_sys_max_cmd_len=196608
pkg_cv_OPENSSL_CFLAGS='-I/opt/local/include  '
pkg_cv_OPENSSL_LIBS='-L/opt/local/lib -lssl -lcrypto  '
pkg_cv_RLOG_CFLAGS='-I/opt/local/include  '
pkg_cv_RLOG_LIBS='-L/opt/local/lib -lrlog  '
smb_attr_cv_xattr_add_opt=yes

## ----------------- ##
## Output variables. ##
## ----------------- ##

ACLOCAL='${SHELL} /Users/rajsekar/work/encint/repos-encfs/easyenc/easyenc/encfs-1.7.4/missing --run aclocal-1.11'
AMDEPBACKSLASH='\'
AMDEP_FALSE='#'
AMDEP_TRUE=''
AMTAR='${SHELL} /Users/rajsekar/work/encint/repos-encfs/easyenc/easyenc/encfs-1.7.4/missing --run tar'
AR='ar'
AUTOCONF='${SHELL} /Users/rajsekar/work/encint/repos-encfs/easyenc/easyenc/encfs-1.7.4/missing --run autoconf'
AUTOHEADER='${SHELL} /Users/rajsekar/work/encint/repos-encfs/easyenc/easyenc/encfs-1.7.4/missing --run autoheader'
AUTOMAKE='${SHELL} /Users/rajsekar/work/encint/repos-encfs/easyenc/easyenc/encfs-1.7.4/missing --run automake-1.11'
AWK='awk'
BOOST_CPPFLAGS='-I/opt/local/include'
BOOST_FILESYSTEM_LIB='-lboost_filesystem-mt'
BOOST_LDFLAGS='-L/opt/local/lib'
BOOST_SERIALIZATION_LIB='-lboost_serialization-mt'
BOOST_SYSTEM_LIB='-lboost_system-mt'
BUILD_MANHTML_FALSE='#'
BUILD_MANHTML_TRUE=''
BUILD_MAN_FALSE='#'
BUILD_MAN_TRUE=''
BUILD_NLS_FALSE='#'
BUILD_NLS_TRUE=''
BUILD_OPENSSL_FALSE='#'
BUILD_OPENSSL_TRUE=''
BUILD_SSLCIPHER_FALSE='#'
BUILD_SSLCIPHER_TRUE=''
BUILD_STATIC_FALSE=''
BUILD_STATIC_TRUE='#'
CC='gcc'
CCDEPMODE='depmode=gcc3'
CFLAGS='-g -O2'
CPP='gcc -E'
CPPFLAGS='-I/opt/local/include  -D_FILE_OFFSET_BITS=64 -DFUSE_USE_VERSION=26 -D__STDC_FORMAT_MACROS'
CXX='g++'
CXXCPP='g++ -E'
CXXDEPMODE='depmode=gcc3'
CXXFLAGS='-W -Wall -Wpointer-arith -Wwrite-strings -g -O2 -D_THREAD_SAFE  '
CYGPATH_W='echo'
DARWIN_FALSE='#'
DARWIN_TRUE=''
DEFS='-DHAVE_CONFIG_H'
DEPDIR='.deps'
DSYMUTIL='dsymutil'
DUMPBIN=''
ECHO_C='\c'
ECHO_N=''
ECHO_T=''
EGREP='/usr/bin/grep -E'
EXEEXT=''
FGREP='/usr/bin/grep -F'
FUSE_LIBS='-lfuse_ino64'
GETTEXT_MACRO_VERSION='0.17'
GMSGFMT='/opt/local/bin/msgfmt'
GMSGFMT_015='/opt/local/bin/msgfmt'
GREP='/usr/bin/grep'
HAVE_EVP_AES=''
HAVE_EVP_BF=''
HAVE_HMAC_INIT_EX=''
HAVE_SSL=''
INSTALL_DATA='${INSTALL} -m 644'
INSTALL_PROGRAM='${INSTALL}'
INSTALL_SCRIPT='${INSTALL}'
INSTALL_STRIP_PROGRAM='$(install_sh) -c -s'
INTLLIBS='-L/opt/local/lib -lintl -liconv -lc  -Wl,-framework -Wl,CoreFoundation'
INTL_MACOSX_LIBS='-Wl,-framework -Wl,CoreFoundation'
LD='/usr/llvm-gcc-4.2/libexec/gcc/i686-apple-darwin11/4.2.1/ld'
LDFLAGS='   -L/opt/local/lib'
LIBICONV='-L/opt/local/lib -liconv'
LIBINTL='-L/opt/local/lib -lintl -liconv -lc  -Wl,-framework -Wl,CoreFoundation'
LIBOBJS=''
LIBS=' '
LIBTOOL='$(SHELL) $(top_builddir)/libtool'
LIPO='lipo'
LN_S='ln -s'
LTLIBICONV='-L/opt/local/lib -liconv -R/opt/local/lib'
LTLIBINTL='-L/opt/local/lib -lintl -L/opt/local/lib -liconv -lc -R/opt/local/lib -Wl,-framework -Wl,CoreFoundation'
LTLIBOBJS=''
MAKEINFO='${SHELL} /Users/rajsekar/work/encint/repos-encfs/easyenc/easyenc/encfs-1.7.4/missing --run makeinfo'
MKDIR_P='./install-sh -c -d'
MSGFMT='/opt/local/bin/msgfmt'
MSGFMT_015='/opt/local/bin/msgfmt'
MSGMERGE='/opt/local/bin/msgmerge'
NM='/opt/local/bin/nm'
NMEDIT='nmedit'
OBJDUMP='false'
OBJEXT='o'
OPENSSL_CFLAGS='-I/opt/local/include  '
OPENSSL_LIBS='-L/opt/local/lib -lssl -lcrypto  '
OTOOL64=':'
OTOOL='otool'
PACKAGE='encfs'
PACKAGE_BUGREPORT=''
PACKAGE_NAME=''
PACKAGE_STRING=''
PACKAGE_TARNAME=''
PACKAGE_URL=''
PACKAGE_VERSION=''
PATH_SEPARATOR=':'
PKG_CONFIG='/opt/local/bin/pkg-config'
PKG_CONFIG_LIBDIR=''
PKG_CONFIG_PATH=''
POD2HTML='/opt/local/bin/pod2html'
POD2MAN='/opt/local/bin/pod2man'
POSUB='po'
PTHREAD_CC='gcc'
PTHREAD_CFLAGS='-D_THREAD_SAFE '
PTHREAD_LIBS=''
RANLIB='ranlib'
RLOG_CFLAGS='-I/opt/local/include  '
RLOG_LIBS='-L/opt/local/lib -lrlog  '
SED='/usr/bin/sed'
SET_MAKE=''
SHELL='/bin/sh'
STRIP='strip'
USE_NLS='yes'
VERSION='1.7.4'
XGETTEXT='/opt/local/bin/xgettext'
XGETTEXT_015='/opt/local/bin/xgettext'
XGETTEXT_EXTRA_OPTIONS=''
ac_ct_CC='gcc'
ac_ct_CXX='g++'
ac_ct_DUMPBIN=''
acx_pthread_config=''
am__EXEEXT_FALSE=''
am__EXEEXT_TRUE='#'
am__fastdepCC_FALSE='#'
am__fastdepCC_TRUE=''
am__fastdepCXX_FALSE='#'
am__fastdepCXX_TRUE=''
am__include='include'
am__isrc=''
am__leading_dot='.'
am__quote=''
am__tar='${AMTAR} chof - "$$tardir"'
am__untar='${AMTAR} xf -'
bindir='${exec_prefix}/bin'
build='x86_64-apple-darwin11.4.0'
build_alias=''
build_cpu='x86_64'
build_os='darwin11.4.0'
build_vendor='apple'
datadir='${datarootdir}'
datarootdir='${prefix}/share'
docdir='${datarootdir}/doc/${PACKAGE}'
dvidir='${docdir}'
exec_prefix='${prefix}'
host='x86_64-apple-darwin11.4.0'
host_alias=''
host_cpu='x86_64'
host_os='darwin11.4.0'
host_vendor='apple'
htmldir='${docdir}'
includedir='${prefix}/include'
infodir='${datarootdir}/info'
install_sh='${SHELL} /Users/rajsekar/work/encint/repos-encfs/easyenc/easyenc/encfs-1.7.4/install-sh'
libdir='${exec_prefix}/lib'
libexecdir='${exec_prefix}/libexec'
localedir='${datarootdir}/locale'
localstatedir='${prefix}/var'
mandir='${datarootdir}/man'
mkdir_p='$(top_builddir)/./install-sh -c -d'
oldincludedir='/usr/include'
pdfdir='${docdir}'
prefix='/opt/local'
program_transform_name='s,x,x,'
psdir='${docdir}'
sbindir='${exec_prefix}/sbin'
sharedstatedir='${prefix}/com'
sysconfdir='${prefix}/etc'
target_alias=''

## ----------- ##
## confdefs.h. ##
## ----------- ##

/* confdefs.h */
#define PACKAGE_NAME ""
#define PACKAGE_TARNAME ""
#define PACKAGE_VERSION ""
#define PACKAGE_STRING ""
#define PACKAGE_BUGREPORT ""
#define PACKAGE_URL ""
#define PACKAGE "encfs"
#define VERSION "1.7.4"
#define HAVE_CFPREFERENCESCOPYAPPVALUE 1
#define HAVE_CFLOCALECOPYCURRENT 1
#define HAVE_ICONV 1
#define ENABLE_NLS 1
#define HAVE_GETTEXT 1
#define HAVE_DCGETTEXT 1
#define STDC_HEADERS 1
#define HAVE_SYS_TYPES_H 1
#define HAVE_SYS_STAT_H 1
#define HAVE_STDLIB_H 1
#define HAVE_STRING_H 1
#define HAVE_MEMORY_H 1
#define HAVE_STRINGS_H 1
#define HAVE_INTTYPES_H 1
#define HAVE_STDINT_H 1
#define HAVE_UNISTD_H 1
#define HAVE_DLFCN_H 1
#define LT_OBJDIR ".libs/"
#define HAVE_PTHREAD 1
#define HAVE_BOOST /**/
#define HAVE_BOOST_SYSTEM /**/
#define HAVE_BOOST_SERIALIZATION /**/
#define HAVE_BOOST_FILESYSTEM /**/
#define HAVE_SYS_XATTR_H 1
#define XATTR_ADD_OPT 1
#define HAVE_SSL 1
#define HAVE_EVP_AES_128_CBC 1
#define HAVE_EVP_AES 1
#define HAVE_EVP_AES_192_CBC 1
#define HAVE_EVP_AES 1
#define HAVE_EVP_AES_256_CBC 1
#define HAVE_EVP_AES 1
#define HAVE_EVP_BF_CBC 1
#define HAVE_EVP_BF 1
#define HAVE_EVP_CIPHER_CTX_SET_PADDING 1
#define HAVE_HMAC_INIT_EX 1
#define HAVE_HMAC_INIT_EX 1

configure: exit 0
